<?xml version="1.0" encoding="UTF-8"?>
<!-- Generated by org.testng.reporters.JUnitXMLReporter -->
<testsuite ignored="0" hostname="LAPTOP-966JUI2U" failures="2" tests="11" name="RegistraionTest" time="33.095" errors="0" timestamp="2024-11-15T15:07:22 IST">
  <testcase classname="registerpack.CustomerRegistraion" name="element" time="7.267">
    <skipped/>
  </testcase> <!-- element -->
  <testcase classname="registerpack.CustomerRegistraion" name="element" time="5.101">
    <skipped/>
  </testcase> <!-- element -->
  <testcase classname="registerpack.CustomerRegistraion" name="element" time="8.539">
    <skipped/>
  </testcase> <!-- element -->
  <testcase classname="registerpack.CustomerRegistraion" name="element" time="11.912">
    <failure type="java.lang.IllegalArgumentException" message="Locator must be set">
      <![CDATA[java.lang.IllegalArgumentException: Locator must be set
at org.openqa.selenium.internal.Require.nonNull(Require.java:61)
at org.openqa.selenium.remote.RemoteWebDriver.findElement(RemoteWebDriver.java:347)
at com.seleniumconcepts.BaseTest.searchelement(BaseTest.java:166)
at registerpack.CustomerRegistraion.element(CustomerRegistraion.java:35)
at java.base/java.util.ArrayList.forEach(ArrayList.java:1596)
... Removed 25 stack frames]]>
    </failure>
  </testcase> <!-- element -->
  <testcase classname="registerpack.CustomerRegistraion" name="registerwithMandatefileds" time="0.004"/>
  <testcase classname="registerpack.CustomerRegistraion" name="registerwithallfileds" time="0.008"/>
  <testcase classname="registerpack.CustomerRegistraion" name="registerwithValidEmail" time="0.009">
    <skipped/>
  </testcase> <!-- registerwithValidEmail -->
  <testcase classname="registerpack.CustomerRegistraion" name="registerwithValidEmail" time="0.002">
    <skipped/>
  </testcase> <!-- registerwithValidEmail -->
  <testcase classname="registerpack.CustomerRegistraion" name="registerwithValidEmail" time="0.002">
    <skipped/>
  </testcase> <!-- registerwithValidEmail -->
  <testcase classname="registerpack.CustomerRegistraion" name="registerwithValidEmail" time="0.003">
    <failure type="java.lang.AssertionError" message="failed">
      <![CDATA[java.lang.AssertionError: failed
at registerpack.CustomerRegistraion.registerwithValidEmail(CustomerRegistraion.java:55)
at java.base/java.util.ArrayList.forEach(ArrayList.java:1596)
... Removed 26 stack frames]]>
    </failure>
  </testcase> <!-- registerwithValidEmail -->
  <testcase classname="registerpack.CustomerRegistraion" name="registerwithDuplicateEmail" time="0.003"/>
</testsuite> <!-- RegistraionTest -->
